Arguments: 
  /usr/local/Cellar/node@12/12.18.3/bin/node /usr/local/Cellar/yarn/1.22.5/libexec/bin/yarn.js add clear chalk figlet firebase-admin inquierer

PATH: 
  /Users/fer/opt/miniconda3/bin:/Users/fer/opt/miniconda3/condabin:/usr/local/opt/node@10/bin:/usr/local/opt/node@12/bin:/Users/fer/Library/Android/sdk/emulator:/Users/fer/Library/Android/sdk/platform-tools:/opt/local/bin:/opt/local/sbin:/usr/local/bin:/usr/bin:/bin:/usr/sbin:/sbin:/Users/fer/.composer/vendor/bin:/Applications/VMware Fusion.app/Contents/Public:/usr/local/go/bin:/Library/Frameworks/Mono.framework/Versions/Current/Commands:/usr/local/go/bin:/Users/fer/go/bin:/Users/fer/.fzf/bin

Yarn version: 
  1.22.5

Node version: 
  12.18.3

Platform: 
  darwin x64

Trace: 
  Error: https://registry.yarnpkg.com/inquierer: Not found
      at Request.params.callback [as _callback] (/usr/local/Cellar/yarn/1.22.5/libexec/lib/cli.js:66988:18)
      at Request.self.callback (/usr/local/Cellar/yarn/1.22.5/libexec/lib/cli.js:140749:22)
      at Request.emit (events.js:315:20)
      at Request.<anonymous> (/usr/local/Cellar/yarn/1.22.5/libexec/lib/cli.js:141721:10)
      at Request.emit (events.js:315:20)
      at IncomingMessage.<anonymous> (/usr/local/Cellar/yarn/1.22.5/libexec/lib/cli.js:141643:12)
      at Object.onceWrapper (events.js:421:28)
      at IncomingMessage.emit (events.js:327:22)
      at endReadableNT (_stream_readable.js:1220:12)
      at processTicksAndRejections (internal/process/task_queues.js:84:21)

npm manifest: 
  {
    "name": "FirebaseAdmin",
    "version": "1.0.0",
    "description": "Firebase Console User Admin",
    "main": "index.js",
    "repository": "https://bitbucket.org/draketeam/adminconsole.git",
    "author": "DrakeCall",
    "license": "MIT"
  }

yarn manifest: 
  No manifest

Lockfile: 
  No lockfile
